<?xml version="1.0" encoding="UTF-8"?>
<!-- Generated by org.testng.reporters.JUnitXMLReporter -->
<testsuite hostname="DESKTOP-68MMSVA" ignored="0" name="Default test" tests="2" failures="0" timestamp="12 Feb 2023 10:39:13 GMT" time="28.327" errors="0">
  <testcase name="runScenario" time="15.492" classname="io.cucumber.testng.AbstractTestNGCucumberTests"/>
  <testcase name="runScenario" time="11.987" classname="io.cucumber.testng.AbstractTestNGCucumberTests"/>
</testsuite> <!-- Default test -->
