<?xml version="1.0" encoding="UTF-8"?>
<!-- Generated by org.testng.reporters.JUnitXMLReporter -->
<testsuite hostname="DESKTOP-68MMSVA" ignored="0" name="Error Validation Test" tests="3" failures="1" timestamp="10 Feb 2023 09:25:01 GMT" time="27.814" errors="0">
  <testcase name="ProductErrorValidation" time="3.128" classname="joseph.Tests.ErrorValidation"/>
  <testcase name="errorMsg" time="0.625" classname="joseph.Tests.ErrorValidation">
    <skipped/>
  </testcase> <!-- errorMsg -->
  <testcase name="errorMsg" time="1.33" classname="joseph.Tests.ErrorValidation">
    <failure type="java.lang.AssertionError" message="expected [Incorrect email or password.] but found [Incorrect email  password.]">
      <![CDATA[java.lang.AssertionError: expected [Incorrect email or password.] but found [Incorrect email  password.]
at joseph.Tests.ErrorValidation.errorMsg(ErrorValidation.java:20)
at java.util.concurrent.FutureTask.run(Unknown Source)
at java.util.concurrent.ThreadPoolExecutor.runWorker(Unknown Source)
at java.util.concurrent.ThreadPoolExecutor$Worker.run(Unknown Source)
at java.lang.Thread.run(Unknown Source)
... Removed 22 stack frames]]>
    </failure>
  </testcase> <!-- errorMsg -->
</testsuite> <!-- Error Validation Test -->
