<?xml version="1.0" encoding="UTF-8"?>
<!-- Generated by org.testng.reporters.JUnitXMLReporter -->
<testsuite hostname="DESKTOP-68MMSVA" ignored="0" name="Submit Order Test" tests="3" failures="0" timestamp="10 Feb 2023 09:25:02 GMT" time="29.447" errors="0">
  <testcase name="submitOrder" time="4.293" classname="joseph.Tests.submit1"/>
  <testcase name="submitOrder" time="4.071" classname="joseph.Tests.submit1"/>
  <testcase name="OrederHistorytest" time="1.047" classname="joseph.Tests.submit1"/>
</testsuite> <!-- Submit Order Test -->
