<?xml version="1.0" encoding="UTF-8"?>
<!-- Generated by org.testng.reporters.JUnitXMLReporter -->
<testsuite hostname="DESKTOP-68MMSVA" ignored="2" tests="0" failures="0" timestamp="11 Feb 2023 19:32:27 GMT" time="0.003" errors="0">
  <testcase name="errorMsg" time="0.0" classname="joseph.Tests.ErrorValidation">
    <ignored/>
  </testcase> <!-- errorMsg -->
  <testcase name="ProductErrorValidation" time="0.0" classname="joseph.Tests.ErrorValidation">
    <ignored/>
  </testcase> <!-- ProductErrorValidation -->
</testsuite>
