<?xml version="1.0" encoding="UTF-8"?>
<!-- Generated by org.testng.reporters.JUnitXMLReporter -->
<testsuite hostname="DESKTOP-68MMSVA" ignored="1" name="Submit Order Test" tests="2" failures="1" timestamp="11 Feb 2023 19:32:27 GMT" time="0.287" errors="0">
  <testcase name="@AfterMethod tearDown" time="0.0" classname="joseph.TestComponents.BaseTest">
    <failure type="java.lang.NullPointerException">
      <![CDATA[java.lang.NullPointerException
at joseph.TestComponents.BaseTest.tearDown(BaseTest.java:108)
at java.util.concurrent.FutureTask.run(FutureTask.java:266)
at java.util.concurrent.ThreadPoolExecutor.runWorker(ThreadPoolExecutor.java:1149)
at java.util.concurrent.ThreadPoolExecutor$Worker.run(ThreadPoolExecutor.java:624)
at java.lang.Thread.run(Thread.java:748)
... Removed 19 stack frames]]>
    </failure>
  </testcase> <!-- @AfterMethod tearDown -->
  <testcase name="@AfterMethod tearDown" time="0.0" classname="joseph.TestComponents.BaseTest">
    <failure type="java.lang.NullPointerException">
      <![CDATA[java.lang.NullPointerException
at joseph.TestComponents.BaseTest.tearDown(BaseTest.java:108)
at java.util.concurrent.FutureTask.run(FutureTask.java:266)
at java.util.concurrent.ThreadPoolExecutor.runWorker(ThreadPoolExecutor.java:1149)
at java.util.concurrent.ThreadPoolExecutor$Worker.run(ThreadPoolExecutor.java:624)
at java.lang.Thread.run(Thread.java:748)
... Removed 19 stack frames]]>
    </failure>
  </testcase> <!-- @AfterMethod tearDown -->
  <testcase name="submitOrder" time="0.008" classname="joseph.Tests.submit1">
    <failure type="java.lang.NullPointerException">
      <![CDATA[java.lang.NullPointerException
at joseph.Tests.submit1.submitOrder(submit1.java:37)
at java.util.concurrent.FutureTask.run(FutureTask.java:266)
at java.util.concurrent.ThreadPoolExecutor.runWorker(ThreadPoolExecutor.java:1149)
at java.util.concurrent.ThreadPoolExecutor$Worker.run(ThreadPoolExecutor.java:624)
at java.lang.Thread.run(Thread.java:748)
... Removed 16 stack frames]]>
    </failure>
  </testcase> <!-- submitOrder -->
  <testcase name="submitOrder" time="0.0" classname="joseph.Tests.submit1">
    <skipped/>
  </testcase> <!-- submitOrder -->
  <testcase name="OrederHistorytest" time="0.0" classname="joseph.Tests.submit1">
    <ignored/>
  </testcase> <!-- OrederHistorytest -->
</testsuite> <!-- Submit Order Test -->
