<?xml version="1.0" encoding="UTF-8"?>
<testng-results skipped="0" failed="0" ignored="0" total="2" passed="2">
  <reporter-output>
  </reporter-output>
  <suite name="Default suite" duration-ms="28327" started-at="2023-02-12T10:38:45Z" finished-at="2023-02-12T10:39:13Z">
    <groups>
      <group name="cucumber">
        <method signature="AbstractTestNGCucumberTests.runScenario(io.cucumber.testng.PickleWrapper, io.cucumber.testng.FeatureWrapper)[pri:0, instance:Cucumber.s1$TestNGTestRunner@5b87ed94]" name="runScenario" class="io.cucumber.testng.AbstractTestNGCucumberTests"/>
      </group> <!-- cucumber -->
    </groups>
    <test name="Default test" duration-ms="28327" started-at="2023-02-12T10:38:45Z" finished-at="2023-02-12T10:39:13Z">
      <class name="Cucumber.s1$TestNGTestRunner">
        <test-method status="PASS" signature="setUpClass(org.testng.ITestContext)[pri:0, instance:Cucumber.s1$TestNGTestRunner@5b87ed94]" name="setUpClass" is-config="true" duration-ms="754" started-at="2023-02-12T10:38:45Z" finished-at="2023-02-12T10:38:46Z">
          <params>
            <param index="0">
              <value>
                <![CDATA[org.testng.TestRunner@7d5508e0]]>
              </value>
            </param>
          </params>
          <reporter-output>
          </reporter-output>
        </test-method> <!-- setUpClass -->
        <test-method status="PASS" signature="runScenario(io.cucumber.testng.PickleWrapper, io.cucumber.testng.FeatureWrapper)[pri:0, instance:Cucumber.s1$TestNGTestRunner@5b87ed94]" name="runScenario" duration-ms="15492" started-at="2023-02-12T10:38:46Z" description="Runs Cucumber Scenarios" data-provider="scenarios" finished-at="2023-02-12T10:39:01Z">
          <params>
            <param index="0">
              <value>
                <![CDATA["Login Negative scenario"]]>
              </value>
            </param>
            <param index="1">
              <value>
                <![CDATA["Error validation of login page"]]>
              </value>
            </param>
          </params>
          <reporter-output>
          </reporter-output>
        </test-method> <!-- runScenario -->
        <test-method status="PASS" signature="runScenario(io.cucumber.testng.PickleWrapper, io.cucumber.testng.FeatureWrapper)[pri:0, instance:Cucumber.s1$TestNGTestRunner@5b87ed94]" name="runScenario" duration-ms="11987" started-at="2023-02-12T10:39:01Z" description="Runs Cucumber Scenarios" data-provider="scenarios" finished-at="2023-02-12T10:39:13Z">
          <params>
            <param index="0">
              <value>
                <![CDATA["Positive test of submitting order"]]>
              </value>
            </param>
            <param index="1">
              <value>
                <![CDATA["Purchase the order from Ecommerce website"]]>
              </value>
            </param>
          </params>
          <reporter-output>
          </reporter-output>
        </test-method> <!-- runScenario -->
        <test-method status="PASS" signature="tearDownClass()[pri:0, instance:Cucumber.s1$TestNGTestRunner@5b87ed94]" name="tearDownClass" is-config="true" duration-ms="68" started-at="2023-02-12T10:39:13Z" finished-at="2023-02-12T10:39:13Z">
          <reporter-output>
          </reporter-output>
        </test-method> <!-- tearDownClass -->
      </class> <!-- Cucumber.s1$TestNGTestRunner -->
    </test> <!-- Default test -->
  </suite> <!-- Default suite -->
</testng-results>
